{"/media/xiaotian/DATA/Desktop/git/Learn_book/Learn_nodejs/test/main.test.js":{"path":"/media/xiaotian/DATA/Desktop/git/Learn_book/Learn_nodejs/test/main.test.js","s":{"1":1,"2":1,"3":1,"4":1,"5":1,"6":1,"7":1,"8":1,"9":1,"10":1,"11":1,"12":1,"13":1,"14":1,"15":1,"16":1,"17":1,"18":1},"b":{},"f":{"1":1,"2":1,"3":1,"4":1,"5":1,"6":1,"7":1,"8":1,"9":1,"10":1},"fnMap":{"1":{"name":"(anonymous_1)","line":5,"loc":{"start":{"line":5,"column":30},"end":{"line":5,"column":42}}},"2":{"name":"(anonymous_2)","line":6,"loc":{"start":{"line":6,"column":38},"end":{"line":6,"column":50}}},"3":{"name":"(anonymous_3)","line":10,"loc":{"start":{"line":10,"column":38},"end":{"line":10,"column":50}}},"4":{"name":"(anonymous_4)","line":14,"loc":{"start":{"line":14,"column":40},"end":{"line":14,"column":52}}},"5":{"name":"(anonymous_5)","line":18,"loc":{"start":{"line":18,"column":35},"end":{"line":18,"column":47}}},"6":{"name":"(anonymous_6)","line":19,"loc":{"start":{"line":19,"column":7},"end":{"line":19,"column":19}}},"7":{"name":"(anonymous_7)","line":24,"loc":{"start":{"line":24,"column":34},"end":{"line":24,"column":46}}},"8":{"name":"(anonymous_8)","line":25,"loc":{"start":{"line":25,"column":7},"end":{"line":25,"column":19}}},"9":{"name":"(anonymous_9)","line":30,"loc":{"start":{"line":30,"column":42},"end":{"line":30,"column":54}}},"10":{"name":"(anonymous_10)","line":31,"loc":{"start":{"line":31,"column":7},"end":{"line":31,"column":19}}}},"statementMap":{"1":{"start":{"line":2,"column":0},"end":{"line":2,"column":37}},"2":{"start":{"line":3,"column":0},"end":{"line":3,"column":30}},"3":{"start":{"line":5,"column":0},"end":{"line":35,"column":5}},"4":{"start":{"line":6,"column":4},"end":{"line":8,"column":7}},"5":{"start":{"line":7,"column":6},"end":{"line":7,"column":40}},"6":{"start":{"line":10,"column":4},"end":{"line":12,"column":7}},"7":{"start":{"line":11,"column":6},"end":{"line":11,"column":40}},"8":{"start":{"line":14,"column":4},"end":{"line":16,"column":7}},"9":{"start":{"line":15,"column":6},"end":{"line":15,"column":42}},"10":{"start":{"line":18,"column":4},"end":{"line":22,"column":7}},"11":{"start":{"line":19,"column":6},"end":{"line":21,"column":40}},"12":{"start":{"line":20,"column":8},"end":{"line":20,"column":27}},"13":{"start":{"line":24,"column":4},"end":{"line":28,"column":7}},"14":{"start":{"line":25,"column":6},"end":{"line":27,"column":39}},"15":{"start":{"line":26,"column":8},"end":{"line":26,"column":27}},"16":{"start":{"line":30,"column":4},"end":{"line":34,"column":7}},"17":{"start":{"line":31,"column":6},"end":{"line":33,"column":46}},"18":{"start":{"line":32,"column":8},"end":{"line":32,"column":29}}},"branchMap":{}}}