TN:
SF:/media/xiaotian/DATA/Desktop/git/Learn_book/Learn_nodejs/test/main.test.js
FN:5,(anonymous_1)
FN:6,(anonymous_2)
FN:10,(anonymous_3)
FN:14,(anonymous_4)
FN:18,(anonymous_5)
FN:19,(anonymous_6)
FN:24,(anonymous_7)
FN:25,(anonymous_8)
FN:30,(anonymous_9)
FN:31,(anonymous_10)
FNF:10
FNH:10
FNDA:1,(anonymous_1)
FNDA:1,(anonymous_2)
FNDA:1,(anonymous_3)
FNDA:1,(anonymous_4)
FNDA:1,(anonymous_5)
FNDA:1,(anonymous_6)
FNDA:1,(anonymous_7)
FNDA:1,(anonymous_8)
FNDA:1,(anonymous_9)
FNDA:1,(anonymous_10)
DA:2,1
DA:3,1
DA:5,1
DA:6,1
DA:7,1
DA:10,1
DA:11,1
DA:14,1
DA:15,1
DA:18,1
DA:19,1
DA:20,1
DA:24,1
DA:25,1
DA:26,1
DA:30,1
DA:31,1
DA:32,1
LF:18
LH:18
BRF:0
BRH:0
end_of_record
